# JRE version: Java(TM) SE Runtime Environment (8.0_191-b12) (build 1.8.0_191-b12)
# Java VM: Java HotSpot(TM) 64-Bit Server VM (25.191-b12 mixed mode windows-amd64 compressed oops)
Heap:
 PSYoungGen      total 116736K, used 30183K [0x00000000d5980000, 0x00000000ddb00000, 0x0000000100000000)
  eden space 105984K, 28% used [0x00000000d5980000,0x00000000d76f9ff8,0x00000000dc100000)
  from space 10752K, 0% used [0x00000000dd000000,0x00000000dd000000,0x00000000dda80000)
  to   space 13312K, 0% used [0x00000000dc100000,0x00000000dc100000,0x00000000dce00000)
 ParOldGen       total 75776K, used 15740K [0x0000000080c00000, 0x0000000085600000, 0x00000000d5980000)
  object space 75776K, 20% used [0x0000000080c00000,0x0000000081b5f1d0,0x0000000085600000)
 Metaspace       used 34576K, capacity 36118K, committed 36224K, reserved 1081344K
  class space    used 4399K, capacity 4682K, committed 4736K, reserved 1048576K
GC Heap History (10 events):
Event: 5.289 GC heap before
{Heap before GC invocations=4 (full 0):
 PSYoungGen      total 38400K, used 10014K [0x00000000d5980000, 0x00000000da480000, 0x0000000100000000)
  eden space 33280K, 14% used [0x00000000d5980000,0x00000000d5e4d548,0x00000000d7a00000)
  from space 5120K, 99% used [0x00000000d7a00000,0x00000000d7efa5c8,0x00000000d7f00000)
  to   space 5120K, 0% used [0x00000000d9f80000,0x00000000d9f80000,0x00000000da480000)
 ParOldGen       total 87552K, used 5209K [0x0000000080c00000, 0x0000000086180000, 0x00000000d5980000)
  object space 87552K, 5% used [0x0000000080c00000,0x0000000081116590,0x0000000086180000)
 Metaspace       used 20625K, capacity 21150K, committed 21296K, reserved 1067008K
  class space    used 2692K, capacity 2848K, committed 2944K, reserved 1048576K
Event: 5.299 GC heap after
Heap after GC invocations=4 (full 0):
 PSYoungGen      total 71680K, used 4941K [0x00000000d5980000, 0x00000000da480000, 0x0000000100000000)
  eden space 66560K, 0% used [0x00000000d5980000,0x00000000d5980000,0x00000000d9a80000)
  from space 5120K, 96% used [0x00000000d9f80000,0x00000000da453768,0x00000000da480000)
  to   space 5120K, 0% used [0x00000000d9a80000,0x00000000d9a80000,0x00000000d9f80000)
 ParOldGen       total 87552K, used 5217K [0x0000000080c00000, 0x0000000086180000, 0x00000000d5980000)
  object space 87552K, 5% used [0x0000000080c00000,0x0000000081118590,0x0000000086180000)
 Metaspace       used 20625K, capacity 21150K, committed 21296K, reserved 1067008K
  class space    used 2692K, capacity 2848K, committed 2944K, reserved 1048576K
}
Event: 5.299 GC heap before
{Heap before GC invocations=5 (full 1):
 PSYoungGen      total 71680K, used 4941K [0x00000000d5980000, 0x00000000da480000, 0x0000000100000000)
  eden space 66560K, 0% used [0x00000000d5980000,0x00000000d5980000,0x00000000d9a80000)
  from space 5120K, 96% used [0x00000000d9f80000,0x00000000da453768,0x00000000da480000)
  to   space 5120K, 0% used [0x00000000d9a80000,0x00000000d9a80000,0x00000000d9f80000)
 ParOldGen       total 87552K, used 5217K [0x0000000080c00000, 0x0000000086180000, 0x00000000d5980000)
  object space 87552K, 5% used [0x0000000080c00000,0x0000000081118590,0x0000000086180000)
 Metaspace       used 20625K, capacity 21150K, committed 21296K, reserved 1067008K
  class space    used 2692K, capacity 2848K, committed 2944K, reserved 1048576K
Event: 5.346 GC heap after
Heap after GC invocations=5 (full 1):
 PSYoungGen      total 71680K, used 0K [0x00000000d5980000, 0x00000000da480000, 0x0000000100000000)
  eden space 66560K, 0% used [0x00000000d5980000,0x00000000d5980000,0x00000000d9a80000)
  from space 5120K, 0% used [0x00000000d9f80000,0x00000000d9f80000,0x00000000da480000)
  to   space 5120K, 0% used [0x00000000d9a80000,0x00000000d9a80000,0x00000000d9f80000)
 ParOldGen       total 52224K, used 4828K [0x0000000080c00000, 0x0000000083f00000, 0x00000000d5980000)
  object space 52224K, 9% used [0x0000000080c00000,0x00000000810b70a0,0x0000000083f00000)
 Metaspace       used 20625K, capacity 21150K, committed 21296K, reserved 1067008K
  class space    used 2692K, capacity 2848K, committed 2944K, reserved 1048576K
}
Event: 12.175 GC heap before
{Heap before GC invocations=6 (full 1):
 PSYoungGen      total 71680K, used 66560K [0x00000000d5980000, 0x00000000da480000, 0x0000000100000000)
  eden space 66560K, 100% used [0x00000000d5980000,0x00000000d9a80000,0x00000000d9a80000)
  from space 5120K, 0% used [0x00000000d9f80000,0x00000000d9f80000,0x00000000da480000)
  to   space 5120K, 0% used [0x00000000d9a80000,0x00000000d9a80000,0x00000000d9f80000)
 ParOldGen       total 52224K, used 4828K [0x0000000080c00000, 0x0000000083f00000, 0x00000000d5980000)
  object space 52224K, 9% used [0x0000000080c00000,0x00000000810b70a0,0x0000000083f00000)
 Metaspace       used 27735K, capacity 28942K, committed 29056K, reserved 1075200K
  class space    used 3603K, capacity 3854K, committed 3968K, reserved 1048576K
Event: 12.196 GC heap after
Heap after GC invocations=6 (full 1):
 PSYoungGen      total 71680K, used 5102K [0x00000000d5980000, 0x00000000dda80000, 0x0000000100000000)
  eden space 66560K, 0% used [0x00000000d5980000,0x00000000d5980000,0x00000000d9a80000)
  from space 5120K, 99% used [0x00000000d9a80000,0x00000000d9f7b8c8,0x00000000d9f80000)
  to   space 10752K, 0% used [0x00000000dd000000,0x00000000dd000000,0x00000000dda80000)
 ParOldGen       total 52224K, used 8512K [0x0000000080c00000, 0x0000000083f00000, 0x00000000d5980000)
  object space 52224K, 16% used [0x0000000080c00000,0x00000000814501a8,0x0000000083f00000)
 Metaspace       used 27735K, capacity 28942K, committed 29056K, reserved 1075200K
  class space    used 3603K, capacity 3854K, committed 3968K, reserved 1048576K
}
Event: 1381.771 GC heap before
{Heap before GC invocations=7 (full 1):
 PSYoungGen      total 71680K, used 70573K [0x00000000d5980000, 0x00000000dda80000, 0x0000000100000000)
  eden space 66560K, 98% used [0x00000000d5980000,0x00000000d996feb8,0x00000000d9a80000)
  from space 5120K, 99% used [0x00000000d9a80000,0x00000000d9f7b8c8,0x00000000d9f80000)
  to   space 10752K, 0% used [0x00000000dd000000,0x00000000dd000000,0x00000000dda80000)
 ParOldGen       total 52224K, used 8512K [0x0000000080c00000, 0x0000000083f00000, 0x00000000d5980000)
  object space 52224K, 16% used [0x0000000080c00000,0x00000000814501a8,0x0000000083f00000)
 Metaspace       used 33833K, capacity 35386K, committed 35456K, reserved 1079296K
  class space    used 4368K, capacity 4678K, committed 4736K, reserved 1048576K
Event: 1382.015 GC heap after
Heap after GC invocations=7 (full 1):
 PSYoungGen      total 116736K, used 10734K [0x00000000d5980000, 0x00000000ddb00000, 0x0000000100000000)
  eden space 105984K, 0% used [0x00000000d5980000,0x00000000d5980000,0x00000000dc100000)
  from space 10752K, 99% used [0x00000000dd000000,0x00000000dda7ba30,0x00000000dda80000)
  to   space 13312K, 0% used [0x00000000dc100000,0x00000000dc100000,0x00000000dce00000)
 ParOldGen       total 52224K, used 9939K [0x0000000080c00000, 0x0000000083f00000, 0x00000000d5980000)
  object space 52224K, 19% used [0x0000000080c00000,0x00000000815b4d00,0x0000000083f00000)
 Metaspace       used 33833K, capacity 35386K, committed 35456K, reserved 1079296K
  class space    used 4368K, capacity 4678K, committed 4736K, reserved 1048576K
}
Event: 1382.015 GC heap before
{Heap before GC invocations=8 (full 2):
 PSYoungGen      total 116736K, used 10734K [0x00000000d5980000, 0x00000000ddb00000, 0x0000000100000000)
  eden space 105984K, 0% used [0x00000000d5980000,0x00000000d5980000,0x00000000dc100000)
  from space 10752K, 99% used [0x00000000dd000000,0x00000000dda7ba30,0x00000000dda80000)
  to   space 13312K, 0% used [0x00000000dc100000,0x00000000dc100000,0x00000000dce00000)
 ParOldGen       total 52224K, used 9939K [0x0000000080c00000, 0x0000000083f00000, 0x00000000d5980000)
  object space 52224K, 19% used [0x0000000080c00000,0x00000000815b4d00,0x0000000083f00000)
 Metaspace       used 33833K, capacity 35386K, committed 35456K, reserved 1079296K
  class space    used 4368K, capacity 4678K, committed 4736K, reserved 1048576K
Event: 1382.384 GC heap after
Heap after GC invocations=8 (full 2):
 PSYoungGen      total 116736K, used 0K [0x00000000d5980000, 0x00000000ddb00000, 0x0000000100000000)
  eden space 105984K, 0% used [0x00000000d5980000,0x00000000d5980000,0x00000000dc100000)
  from space 10752K, 0% used [0x00000000dd000000,0x00000000dd000000,0x00000000dda80000)
  to   space 13312K, 0% used [0x00000000dc100000,0x00000000dc100000,0x00000000dce00000)
 ParOldGen       total 75776K, used 15740K [0x0000000080c00000, 0x0000000085600000, 0x00000000d5980000)
  object space 75776K, 20% used [0x0000000080c00000,0x0000000081b5f1d0,0x0000000085600000)
 Metaspace       used 33833K, capacity 35386K, committed 35456K, reserved 1079296K
  class space    used 4368K, capacity 4678K, committed 4736K, reserved 1048576K
}

